{"total": {"lines":{"total":115,"covered":26,"skipped":0,"pct":22.6},"statements":{"total":120,"covered":26,"skipped":0,"pct":21.66},"functions":{"total":33,"covered":8,"skipped":0,"pct":24.24},"branches":{"total":32,"covered":2,"skipped":0,"pct":6.25},"branchesTrue":{"total":0,"covered":0,"skipped":0,"pct":100}}
,"/Users/guilhermelemospimentel/Documents/Trybe/projetos/sd-028-b-project-trivia-react-redux/src/App.js": {"lines":{"total":1,"covered":1,"skipped":0,"pct":100},"functions":{"total":1,"covered":1,"skipped":0,"pct":100},"statements":{"total":1,"covered":1,"skipped":0,"pct":100},"branches":{"total":0,"covered":0,"skipped":0,"pct":100}}
,"/Users/guilhermelemospimentel/Documents/Trybe/projetos/sd-028-b-project-trivia-react-redux/src/Routes.js": {"lines":{"total":1,"covered":1,"skipped":0,"pct":100},"functions":{"total":1,"covered":1,"skipped":0,"pct":100},"statements":{"total":1,"covered":1,"skipped":0,"pct":100},"branches":{"total":0,"covered":0,"skipped":0,"pct":100}}
,"/Users/guilhermelemospimentel/Documents/Trybe/projetos/sd-028-b-project-trivia-react-redux/src/Pages/Feedback.js": {"lines":{"total":14,"covered":3,"skipped":0,"pct":21.42},"functions":{"total":4,"covered":0,"skipped":0,"pct":0},"statements":{"total":15,"covered":3,"skipped":0,"pct":20},"branches":{"total":4,"covered":0,"skipped":0,"pct":0}}
,"/Users/guilhermelemospimentel/Documents/Trybe/projetos/sd-028-b-project-trivia-react-redux/src/Pages/Game.js": {"lines":{"total":3,"covered":1,"skipped":0,"pct":33.33},"functions":{"total":1,"covered":0,"skipped":0,"pct":0},"statements":{"total":3,"covered":1,"skipped":0,"pct":33.33},"branches":{"total":0,"covered":0,"skipped":0,"pct":100}}
,"/Users/guilhermelemospimentel/Documents/Trybe/projetos/sd-028-b-project-trivia-react-redux/src/Pages/Login.js": {"lines":{"total":13,"covered":12,"skipped":0,"pct":92.3},"functions":{"total":3,"covered":3,"skipped":0,"pct":100},"statements":{"total":13,"covered":12,"skipped":0,"pct":92.3},"branches":{"total":2,"covered":2,"skipped":0,"pct":100}}
,"/Users/guilhermelemospimentel/Documents/Trybe/projetos/sd-028-b-project-trivia-react-redux/src/Pages/Ranking.js": {"lines":{"total":1,"covered":0,"skipped":0,"pct":0},"functions":{"total":1,"covered":0,"skipped":0,"pct":0},"statements":{"total":1,"covered":0,"skipped":0,"pct":0},"branches":{"total":0,"covered":0,"skipped":0,"pct":100}}
,"/Users/guilhermelemospimentel/Documents/Trybe/projetos/sd-028-b-project-trivia-react-redux/src/Pages/Settings.js": {"lines":{"total":1,"covered":1,"skipped":0,"pct":100},"functions":{"total":1,"covered":1,"skipped":0,"pct":100},"statements":{"total":1,"covered":1,"skipped":0,"pct":100},"branches":{"total":0,"covered":0,"skipped":0,"pct":100}}
,"/Users/guilhermelemospimentel/Documents/Trybe/projetos/sd-028-b-project-trivia-react-redux/src/components/BtnSettings.js": {"lines":{"total":4,"covered":4,"skipped":0,"pct":100},"functions":{"total":2,"covered":2,"skipped":0,"pct":100},"statements":{"total":4,"covered":4,"skipped":0,"pct":100},"branches":{"total":0,"covered":0,"skipped":0,"pct":100}}
,"/Users/guilhermelemospimentel/Documents/Trybe/projetos/sd-028-b-project-trivia-react-redux/src/components/Header.js": {"lines":{"total":11,"covered":2,"skipped":0,"pct":18.18},"functions":{"total":3,"covered":0,"skipped":0,"pct":0},"statements":{"total":12,"covered":2,"skipped":0,"pct":16.66},"branches":{"total":2,"covered":0,"skipped":0,"pct":0}}
,"/Users/guilhermelemospimentel/Documents/Trybe/projetos/sd-028-b-project-trivia-react-redux/src/components/Questions.js": {"lines":{"total":66,"covered":1,"skipped":0,"pct":1.51},"functions":{"total":16,"covered":0,"skipped":0,"pct":0},"statements":{"total":69,"covered":1,"skipped":0,"pct":1.44},"branches":{"total":24,"covered":0,"skipped":0,"pct":0}}
}
